<?xml version="1.0" encoding="UTF-8"?>
<testsuite xmlns:xsi="http://www.w3.org/2001/XMLSchema-instance" xsi:noNamespaceSchemaLocation="https://maven.apache.org/surefire/maven-surefire-plugin/xsd/surefire-test-report.xsd" name="persistence.ContextTest" time="1.045" tests="1" errors="0" skipped="0" failures="0">
  <properties>
    <property name="gopherProxySet" value="false"/>
    <property name="awt.toolkit" value="sun.lwawt.macosx.LWCToolkit"/>
    <property name="java.specification.version" value="11"/>
    <property name="sun.cpu.isalist" value=""/>
    <property name="sun.jnu.encoding" value="UTF-8"/>
    <property name="java.class.path" value="/Users/ealonsofiasc/IdeaProjects/quickstart/target/test-classes:/Users/ealonsofiasc/IdeaProjects/quickstart/target/classes:/Users/ealonsofiasc/.m2/repository/org/junit/jupiter/junit-jupiter-engine/5.7.0/junit-jupiter-engine-5.7.0.jar:/Users/ealonsofiasc/.m2/repository/org/apiguardian/apiguardian-api/1.1.0/apiguardian-api-1.1.0.jar:/Users/ealonsofiasc/.m2/repository/org/junit/platform/junit-platform-engine/1.7.0/junit-platform-engine-1.7.0.jar:/Users/ealonsofiasc/.m2/repository/org/opentest4j/opentest4j/1.2.0/opentest4j-1.2.0.jar:/Users/ealonsofiasc/.m2/repository/org/junit/platform/junit-platform-commons/1.7.0/junit-platform-commons-1.7.0.jar:/Users/ealonsofiasc/.m2/repository/org/junit/jupiter/junit-jupiter-api/5.7.0/junit-jupiter-api-5.7.0.jar:/Users/ealonsofiasc/.m2/repository/org/mockito/mockito-core/3.10.0/mockito-core-3.10.0.jar:/Users/ealonsofiasc/.m2/repository/net/bytebuddy/byte-buddy/1.11.0/byte-buddy-1.11.0.jar:/Users/ealonsofiasc/.m2/repository/net/bytebuddy/byte-buddy-agent/1.11.0/byte-buddy-agent-1.11.0.jar:/Users/ealonsofiasc/.m2/repository/org/objenesis/objenesis/3.2/objenesis-3.2.jar:/Users/ealonsofiasc/.m2/repository/org/uqbar-project/jpa-java8-extras/1.0-alpha-1/jpa-java8-extras-1.0-alpha-1.jar:/Users/ealonsofiasc/.m2/repository/org/hibernate/hibernate-entitymanager/4.3.6.Final/hibernate-entitymanager-4.3.6.Final.jar:/Users/ealonsofiasc/.m2/repository/org/jboss/logging/jboss-logging/3.1.3.GA/jboss-logging-3.1.3.GA.jar:/Users/ealonsofiasc/.m2/repository/org/jboss/logging/jboss-logging-annotations/1.2.0.Beta1/jboss-logging-annotations-1.2.0.Beta1.jar:/Users/ealonsofiasc/.m2/repository/dom4j/dom4j/1.6.1/dom4j-1.6.1.jar:/Users/ealonsofiasc/.m2/repository/xml-apis/xml-apis/1.0.b2/xml-apis-1.0.b2.jar:/Users/ealonsofiasc/.m2/repository/org/hibernate/common/hibernate-commons-annotations/4.0.5.Final/hibernate-commons-annotations-4.0.5.Final.jar:/Users/ealonsofiasc/.m2/repository/org/jboss/spec/javax/transaction/jboss-transaction-api_1.2_spec/1.0.0.Final/jboss-transaction-api_1.2_spec-1.0.0.Final.jar:/Users/ealonsofiasc/.m2/repository/org/javassist/javassist/3.18.1-GA/javassist-3.18.1-GA.jar:/Users/ealonsofiasc/.m2/repository/org/hibernate/javax/persistence/hibernate-jpa-2.1-api/1.0.0.Final/hibernate-jpa-2.1-api-1.0.0.Final.jar:/Users/ealonsofiasc/.m2/repository/org/hibernate/hibernate-core/4.3.6.Final/hibernate-core-4.3.6.Final.jar:/Users/ealonsofiasc/.m2/repository/antlr/antlr/2.7.7/antlr-2.7.7.jar:/Users/ealonsofiasc/.m2/repository/org/jboss/jandex/1.1.0.Final/jandex-1.1.0.Final.jar:/Users/ealonsofiasc/.m2/repository/mysql/mysql-connector-java/8.0.17/mysql-connector-java-8.0.17.jar:/Users/ealonsofiasc/.m2/repository/com/google/protobuf/protobuf-java/3.6.1/protobuf-java-3.6.1.jar:/Users/ealonsofiasc/.m2/repository/org/hsqldb/hsqldb/2.4.0/hsqldb-2.4.0.jar:/Users/ealonsofiasc/.m2/repository/com/sparkjava/spark-core/2.5/spark-core-2.5.jar:/Users/ealonsofiasc/.m2/repository/org/slf4j/slf4j-api/1.7.13/slf4j-api-1.7.13.jar:/Users/ealonsofiasc/.m2/repository/org/eclipse/jetty/jetty-server/9.3.6.v20151106/jetty-server-9.3.6.v20151106.jar:/Users/ealonsofiasc/.m2/repository/javax/servlet/javax.servlet-api/3.1.0/javax.servlet-api-3.1.0.jar:/Users/ealonsofiasc/.m2/repository/org/eclipse/jetty/jetty-http/9.3.6.v20151106/jetty-http-9.3.6.v20151106.jar:/Users/ealonsofiasc/.m2/repository/org/eclipse/jetty/jetty-util/9.3.6.v20151106/jetty-util-9.3.6.v20151106.jar:/Users/ealonsofiasc/.m2/repository/org/eclipse/jetty/jetty-io/9.3.6.v20151106/jetty-io-9.3.6.v20151106.jar:/Users/ealonsofiasc/.m2/repository/org/eclipse/jetty/jetty-webapp/9.3.6.v20151106/jetty-webapp-9.3.6.v20151106.jar:/Users/ealonsofiasc/.m2/repository/org/eclipse/jetty/jetty-xml/9.3.6.v20151106/jetty-xml-9.3.6.v20151106.jar:/Users/ealonsofiasc/.m2/repository/org/eclipse/jetty/jetty-servlet/9.3.6.v20151106/jetty-servlet-9.3.6.v20151106.jar:/Users/ealonsofiasc/.m2/repository/org/eclipse/jetty/jetty-security/9.3.6.v20151106/jetty-security-9.3.6.v20151106.jar:/Users/ealonsofiasc/.m2/repository/org/eclipse/jetty/websocket/websocket-server/9.3.6.v20151106/websocket-server-9.3.6.v20151106.jar:/Users/ealonsofiasc/.m2/repository/org/eclipse/jetty/websocket/websocket-common/9.3.6.v20151106/websocket-common-9.3.6.v20151106.jar:/Users/ealonsofiasc/.m2/repository/org/eclipse/jetty/websocket/websocket-client/9.3.6.v20151106/websocket-client-9.3.6.v20151106.jar:/Users/ealonsofiasc/.m2/repository/org/eclipse/jetty/websocket/websocket-servlet/9.3.6.v20151106/websocket-servlet-9.3.6.v20151106.jar:/Users/ealonsofiasc/.m2/repository/org/eclipse/jetty/websocket/websocket-api/9.3.6.v20151106/websocket-api-9.3.6.v20151106.jar:/Users/ealonsofiasc/.m2/repository/com/sparkjava/spark-template-handlebars/2.3/spark-template-handlebars-2.3.jar:/Users/ealonsofiasc/.m2/repository/com/github/jknack/handlebars/1.3.1/handlebars-1.3.1.jar:/Users/ealonsofiasc/.m2/repository/org/apache/commons/commons-lang3/3.1/commons-lang3-3.1.jar:/Users/ealonsofiasc/.m2/repository/org/antlr/antlr4-runtime/4.2.2/antlr4-runtime-4.2.2.jar:/Users/ealonsofiasc/.m2/repository/org/antlr/antlr4-annotations/4.2.2/antlr4-annotations-4.2.2.jar:/Users/ealonsofiasc/.m2/repository/org/mozilla/rhino/1.7R4/rhino-1.7R4.jar:/Users/ealonsofiasc/.m2/repository/com/github/jknack/handlebars-guava-cache/1.3.1/handlebars-guava-cache-1.3.1.jar:/Users/ealonsofiasc/.m2/repository/com/google/guava/guava/14.0.1/guava-14.0.1.jar:/Users/ealonsofiasc/.m2/repository/com/sparkjava/spark-debug-tools/0.5/spark-debug-tools-0.5.jar:/Users/ealonsofiasc/.m2/repository/com/github/jknack/handlebars-helpers/4.0.6/handlebars-helpers-4.0.6.jar:/Users/ealonsofiasc/.m2/repository/com/github/jknack/handlebars-humanize/4.0.6/handlebars-humanize-4.0.6.jar:/Users/ealonsofiasc/.m2/repository/com/github/mfornos/humanize-slim/1.1.1/humanize-slim-1.1.1.jar:/Users/ealonsofiasc/.m2/repository/org/ocpsoft/prettytime/prettytime/2.1.2.Final/prettytime-2.1.2.Final.jar:/Users/ealonsofiasc/.m2/repository/com/google/code/findbugs/jsr305/1.3.9/jsr305-1.3.9.jar:/Users/ealonsofiasc/.m2/repository/org/slf4j/slf4j-simple/1.7.21/slf4j-simple-1.7.21.jar:/Users/ealonsofiasc/.m2/repository/org/projectlombok/lombok/1.16.22/lombok-1.16.22.jar:"/>
    <property name="java.vm.vendor" value="JetBrains s.r.o."/>
    <property name="sun.arch.data.model" value="64"/>
    <property name="java.vendor.url" value="https://openjdk.java.net/"/>
    <property name="user.timezone" value=""/>
    <property name="java.vm.specification.version" value="11"/>
    <property name="os.name" value="Mac OS X"/>
    <property name="sun.java.launcher" value="SUN_STANDARD"/>
    <property name="user.country" value="US"/>
    <property name="sun.boot.library.path" value="/Applications/IntelliJ IDEA CE.app/Contents/jbr/Contents/Home/lib"/>
    <property name="sun.java.command" value="/Users/ealonsofiasc/IdeaProjects/quickstart/target/surefire/surefirebooter5778312090895335794.jar /Users/ealonsofiasc/IdeaProjects/quickstart/target/surefire 2022-01-30T09-46-55_922-jvmRun1 surefire13000047633048892946tmp surefire_09310915185015909672tmp"/>
    <property name="http.nonProxyHosts" value="local|*.local|169.254/16|*.169.254/16"/>
    <property name="jdk.debug" value="release"/>
    <property name="surefire.test.class.path" value="/Users/ealonsofiasc/IdeaProjects/quickstart/target/test-classes:/Users/ealonsofiasc/IdeaProjects/quickstart/target/classes:/Users/ealonsofiasc/.m2/repository/org/junit/jupiter/junit-jupiter-engine/5.7.0/junit-jupiter-engine-5.7.0.jar:/Users/ealonsofiasc/.m2/repository/org/apiguardian/apiguardian-api/1.1.0/apiguardian-api-1.1.0.jar:/Users/ealonsofiasc/.m2/repository/org/junit/platform/junit-platform-engine/1.7.0/junit-platform-engine-1.7.0.jar:/Users/ealonsofiasc/.m2/repository/org/opentest4j/opentest4j/1.2.0/opentest4j-1.2.0.jar:/Users/ealonsofiasc/.m2/repository/org/junit/platform/junit-platform-commons/1.7.0/junit-platform-commons-1.7.0.jar:/Users/ealonsofiasc/.m2/repository/org/junit/jupiter/junit-jupiter-api/5.7.0/junit-jupiter-api-5.7.0.jar:/Users/ealonsofiasc/.m2/repository/org/mockito/mockito-core/3.10.0/mockito-core-3.10.0.jar:/Users/ealonsofiasc/.m2/repository/net/bytebuddy/byte-buddy/1.11.0/byte-buddy-1.11.0.jar:/Users/ealonsofiasc/.m2/repository/net/bytebuddy/byte-buddy-agent/1.11.0/byte-buddy-agent-1.11.0.jar:/Users/ealonsofiasc/.m2/repository/org/objenesis/objenesis/3.2/objenesis-3.2.jar:/Users/ealonsofiasc/.m2/repository/org/uqbar-project/jpa-java8-extras/1.0-alpha-1/jpa-java8-extras-1.0-alpha-1.jar:/Users/ealonsofiasc/.m2/repository/org/hibernate/hibernate-entitymanager/4.3.6.Final/hibernate-entitymanager-4.3.6.Final.jar:/Users/ealonsofiasc/.m2/repository/org/jboss/logging/jboss-logging/3.1.3.GA/jboss-logging-3.1.3.GA.jar:/Users/ealonsofiasc/.m2/repository/org/jboss/logging/jboss-logging-annotations/1.2.0.Beta1/jboss-logging-annotations-1.2.0.Beta1.jar:/Users/ealonsofiasc/.m2/repository/dom4j/dom4j/1.6.1/dom4j-1.6.1.jar:/Users/ealonsofiasc/.m2/repository/xml-apis/xml-apis/1.0.b2/xml-apis-1.0.b2.jar:/Users/ealonsofiasc/.m2/repository/org/hibernate/common/hibernate-commons-annotations/4.0.5.Final/hibernate-commons-annotations-4.0.5.Final.jar:/Users/ealonsofiasc/.m2/repository/org/jboss/spec/javax/transaction/jboss-transaction-api_1.2_spec/1.0.0.Final/jboss-transaction-api_1.2_spec-1.0.0.Final.jar:/Users/ealonsofiasc/.m2/repository/org/javassist/javassist/3.18.1-GA/javassist-3.18.1-GA.jar:/Users/ealonsofiasc/.m2/repository/org/hibernate/javax/persistence/hibernate-jpa-2.1-api/1.0.0.Final/hibernate-jpa-2.1-api-1.0.0.Final.jar:/Users/ealonsofiasc/.m2/repository/org/hibernate/hibernate-core/4.3.6.Final/hibernate-core-4.3.6.Final.jar:/Users/ealonsofiasc/.m2/repository/antlr/antlr/2.7.7/antlr-2.7.7.jar:/Users/ealonsofiasc/.m2/repository/org/jboss/jandex/1.1.0.Final/jandex-1.1.0.Final.jar:/Users/ealonsofiasc/.m2/repository/mysql/mysql-connector-java/8.0.17/mysql-connector-java-8.0.17.jar:/Users/ealonsofiasc/.m2/repository/com/google/protobuf/protobuf-java/3.6.1/protobuf-java-3.6.1.jar:/Users/ealonsofiasc/.m2/repository/org/hsqldb/hsqldb/2.4.0/hsqldb-2.4.0.jar:/Users/ealonsofiasc/.m2/repository/com/sparkjava/spark-core/2.5/spark-core-2.5.jar:/Users/ealonsofiasc/.m2/repository/org/slf4j/slf4j-api/1.7.13/slf4j-api-1.7.13.jar:/Users/ealonsofiasc/.m2/repository/org/eclipse/jetty/jetty-server/9.3.6.v20151106/jetty-server-9.3.6.v20151106.jar:/Users/ealonsofiasc/.m2/repository/javax/servlet/javax.servlet-api/3.1.0/javax.servlet-api-3.1.0.jar:/Users/ealonsofiasc/.m2/repository/org/eclipse/jetty/jetty-http/9.3.6.v20151106/jetty-http-9.3.6.v20151106.jar:/Users/ealonsofiasc/.m2/repository/org/eclipse/jetty/jetty-util/9.3.6.v20151106/jetty-util-9.3.6.v20151106.jar:/Users/ealonsofiasc/.m2/repository/org/eclipse/jetty/jetty-io/9.3.6.v20151106/jetty-io-9.3.6.v20151106.jar:/Users/ealonsofiasc/.m2/repository/org/eclipse/jetty/jetty-webapp/9.3.6.v20151106/jetty-webapp-9.3.6.v20151106.jar:/Users/ealonsofiasc/.m2/repository/org/eclipse/jetty/jetty-xml/9.3.6.v20151106/jetty-xml-9.3.6.v20151106.jar:/Users/ealonsofiasc/.m2/repository/org/eclipse/jetty/jetty-servlet/9.3.6.v20151106/jetty-servlet-9.3.6.v20151106.jar:/Users/ealonsofiasc/.m2/repository/org/eclipse/jetty/jetty-security/9.3.6.v20151106/jetty-security-9.3.6.v20151106.jar:/Users/ealonsofiasc/.m2/repository/org/eclipse/jetty/websocket/websocket-server/9.3.6.v20151106/websocket-server-9.3.6.v20151106.jar:/Users/ealonsofiasc/.m2/repository/org/eclipse/jetty/websocket/websocket-common/9.3.6.v20151106/websocket-common-9.3.6.v20151106.jar:/Users/ealonsofiasc/.m2/repository/org/eclipse/jetty/websocket/websocket-client/9.3.6.v20151106/websocket-client-9.3.6.v20151106.jar:/Users/ealonsofiasc/.m2/repository/org/eclipse/jetty/websocket/websocket-servlet/9.3.6.v20151106/websocket-servlet-9.3.6.v20151106.jar:/Users/ealonsofiasc/.m2/repository/org/eclipse/jetty/websocket/websocket-api/9.3.6.v20151106/websocket-api-9.3.6.v20151106.jar:/Users/ealonsofiasc/.m2/repository/com/sparkjava/spark-template-handlebars/2.3/spark-template-handlebars-2.3.jar:/Users/ealonsofiasc/.m2/repository/com/github/jknack/handlebars/1.3.1/handlebars-1.3.1.jar:/Users/ealonsofiasc/.m2/repository/org/apache/commons/commons-lang3/3.1/commons-lang3-3.1.jar:/Users/ealonsofiasc/.m2/repository/org/antlr/antlr4-runtime/4.2.2/antlr4-runtime-4.2.2.jar:/Users/ealonsofiasc/.m2/repository/org/antlr/antlr4-annotations/4.2.2/antlr4-annotations-4.2.2.jar:/Users/ealonsofiasc/.m2/repository/org/mozilla/rhino/1.7R4/rhino-1.7R4.jar:/Users/ealonsofiasc/.m2/repository/com/github/jknack/handlebars-guava-cache/1.3.1/handlebars-guava-cache-1.3.1.jar:/Users/ealonsofiasc/.m2/repository/com/google/guava/guava/14.0.1/guava-14.0.1.jar:/Users/ealonsofiasc/.m2/repository/com/sparkjava/spark-debug-tools/0.5/spark-debug-tools-0.5.jar:/Users/ealonsofiasc/.m2/repository/com/github/jknack/handlebars-helpers/4.0.6/handlebars-helpers-4.0.6.jar:/Users/ealonsofiasc/.m2/repository/com/github/jknack/handlebars-humanize/4.0.6/handlebars-humanize-4.0.6.jar:/Users/ealonsofiasc/.m2/repository/com/github/mfornos/humanize-slim/1.1.1/humanize-slim-1.1.1.jar:/Users/ealonsofiasc/.m2/repository/org/ocpsoft/prettytime/prettytime/2.1.2.Final/prettytime-2.1.2.Final.jar:/Users/ealonsofiasc/.m2/repository/com/google/code/findbugs/jsr305/1.3.9/jsr305-1.3.9.jar:/Users/ealonsofiasc/.m2/repository/org/slf4j/slf4j-simple/1.7.21/slf4j-simple-1.7.21.jar:/Users/ealonsofiasc/.m2/repository/org/projectlombok/lombok/1.16.22/lombok-1.16.22.jar:"/>
    <property name="sun.cpu.endian" value="little"/>
    <property name="user.home" value="/Users/ealonsofiasc"/>
    <property name="user.language" value="en"/>
    <property name="java.specification.vendor" value="Oracle Corporation"/>
    <property name="java.version.date" value="2021-01-19"/>
    <property name="java.home" value="/Applications/IntelliJ IDEA CE.app/Contents/jbr/Contents/Home"/>
    <property name="file.separator" value="/"/>
    <property name="basedir" value="/Users/ealonsofiasc/IdeaProjects/quickstart"/>
    <property name="java.vm.compressedOopsMode" value="Zero based"/>
    <property name="line.separator" value="&#10;"/>
    <property name="java.specification.name" value="Java Platform API Specification"/>
    <property name="java.vm.specification.vendor" value="Oracle Corporation"/>
    <property name="java.awt.graphicsenv" value="sun.awt.CGraphicsEnvironment"/>
    <property name="surefire.real.class.path" value="/Users/ealonsofiasc/IdeaProjects/quickstart/target/surefire/surefirebooter5778312090895335794.jar"/>
    <property name="sun.management.compiler" value="HotSpot 64-Bit Tiered Compilers"/>
    <property name="ftp.nonProxyHosts" value="local|*.local|169.254/16|*.169.254/16"/>
    <property name="java.runtime.version" value="11.0.10+8-b1145.96"/>
    <property name="user.name" value="ealonsofiasc"/>
    <property name="path.separator" value=":"/>
    <property name="os.version" value="10.16"/>
    <property name="java.runtime.name" value="OpenJDK Runtime Environment"/>
    <property name="file.encoding" value="UTF-8"/>
    <property name="java.vm.name" value="OpenJDK 64-Bit Server VM"/>
    <property name="java.vendor.version" value="JBR-11.0.10.8-1145.96-jcef"/>
    <property name="localRepository" value="/Users/ealonsofiasc/.m2/repository"/>
    <property name="java.vendor.url.bug" value="https://bugreport.java.com/bugreport/"/>
    <property name="java.io.tmpdir" value="/var/folders/my/y8cr17l115d8jn7xr2nwzpc4lvs1l0/T/"/>
    <property name="idea.version" value="2020.3.3"/>
    <property name="java.version" value="11.0.10"/>
    <property name="user.dir" value="/Users/ealonsofiasc/IdeaProjects/quickstart"/>
    <property name="os.arch" value="x86_64"/>
    <property name="java.vm.specification.name" value="Java Virtual Machine Specification"/>
    <property name="java.awt.printerjob" value="sun.lwawt.macosx.CPrinterJob"/>
    <property name="sun.os.patch.level" value="unknown"/>
    <property name="java.library.path" value="/Users/ealonsofiasc/Library/Java/Extensions:/Library/Java/Extensions:/Network/Library/Java/Extensions:/System/Library/Java/Extensions:/usr/lib/java:."/>
    <property name="java.vm.info" value="mixed mode"/>
    <property name="java.vendor" value="JetBrains s.r.o."/>
    <property name="java.vm.version" value="11.0.10+8-b1145.96"/>
    <property name="sun.io.unicode.encoding" value="UnicodeBig"/>
    <property name="java.class.version" value="55.0"/>
    <property name="socksNonProxyHosts" value="local|*.local|169.254/16|*.169.254/16"/>
  </properties>
  <testcase name="contextUp" classname="persistence.ContextTest" time="1.04"/>
</testsuite>